#-----------------------------------------------------------
# Vivado v2017.1 (64-bit)
# SW Build 1846317 on Fri Apr 14 18:55:03 MDT 2017
# IP Build 1846188 on Fri Apr 14 20:52:08 MDT 2017
# Start of session at: Mon Sep 30 13:36:18 2019
# Process ID: 11080
# Current directory: E:/SystemDesignLab/lab30_Risc5CPU-ftp/vivado
# Command line: vivado.exe -gui_launcher_event rodinguilauncherevent4360 E:\SystemDesignLab\lab30_Risc5CPU-ftp\vivado\Risc5CPU.xpr
# Log file: E:/SystemDesignLab/lab30_Risc5CPU-ftp/vivado/vivado.log
# Journal file: E:/SystemDesignLab/lab30_Risc5CPU-ftp/vivado\vivado.jou
#-----------------------------------------------------------
start_gui
open_project E:/SystemDesignLab/lab30_Risc5CPU-ftp/vivado/Risc5CPU.xpr
INFO: [Project 1-313] Project file moved from 'E:/lab30_Risc5CPU/vivado' since last save.
Scanning sources...
Finished scanning sources
INFO: [IP_Flow 19-234] Refreshing IP repositories
INFO: [IP_Flow 19-1704] No user IP repositories specified
INFO: [IP_Flow 19-2313] Loaded Vivado IP repository 'D:/Xilinx/Vivado/2017.1/data/ip'.
open_project: Time (s): cpu = 00:00:12 ; elapsed = 00:00:06 . Memory (MB): peak = 816.750 ; gain = 105.344
update_compile_order -fileset sources_1
exit
INFO: [Common 17-206] Exiting Vivado at Mon Sep 30 13:37:16 2019...
