#-----------------------------------------------------------
# Vivado v2017.1 (64-bit)
# SW Build 1846317 on Fri Apr 14 18:55:03 MDT 2017
# IP Build 1846188 on Fri Apr 14 20:52:08 MDT 2017
# Start of session at: Fri Sep 27 14:31:23 2019
# Process ID: 6024
# Current directory: E:/lab30_Risc5CPU/vivado
# Command line: vivado.exe -gui_launcher_event rodinguilauncherevent5640 E:\lab30_Risc5CPU\vivado\Risc5CPU.xpr
# Log file: E:/lab30_Risc5CPU/vivado/vivado.log
# Journal file: E:/lab30_Risc5CPU/vivado\vivado.jou
#-----------------------------------------------------------
start_gui
open_project E:/lab30_Risc5CPU/vivado/Risc5CPU.xpr
Scanning sources...
Finished scanning sources
INFO: [IP_Flow 19-234] Refreshing IP repositories
INFO: [IP_Flow 19-1704] No user IP repositories specified
INFO: [IP_Flow 19-2313] Loaded Vivado IP repository 'D:/Xilinx/Vivado/2017.1/data/ip'.
open_project: Time (s): cpu = 00:00:08 ; elapsed = 00:00:05 . Memory (MB): peak = 777.785 ; gain = 43.434
update_compile_order -fileset sources_1
exit
INFO: [Common 17-206] Exiting Vivado at Fri Sep 27 14:32:03 2019...
