INFO: latexindent.exe version 3.8, 2020-03-21, a script to indent .tex files
      latexindent.exe lives here: D:/texlive/2020/bin/win32/
      Mon Jun  5 10:01:34 2023
      Filename: d:/GitHubRepositories/Study/短学期/__latexindent_temp_多路竞赛抢答器报告.tex
INFO: Processing switches:
      -y|--yaml: YAML settings specified via command line
      -c|--cruft: cruft directory
INFO: Directory for backup files and d:/GitHubRepositories/Study/短学期//indent.log: d:/GitHubRepositories/Study/短学期/
INFO: YAML settings read: defaultSettings.yaml
      Reading defaultSettings.yaml from D:/texlive/2020/bin/win32/defaultSettings.yaml
      Reading defaultSettings.yaml (2nd attempt, TeXLive, Windows) from D:/texlive/2020/bin/win32/../../texmf-dist/scripts/latexindent/defaultSettings.yaml
INFO: YAML settings read: indentconfig.yaml or .indentconfig.yaml
      Home directory is D:\git (didn't find either indentconfig.yaml or .indentconfig.yaml)
      To specify user settings you would put indentconfig.yaml here: D:\git/indentconfig.yaml
      Alternatively, you can use the hidden file .indentconfig.yaml as: D:\git/.indentconfig.yaml
INFO: YAML settings read: -y switch
      Updating masterSettings with defaultIndent:     
FATAL: I couldn't find d:/GitHubRepositories/Study/短学期/__latexindent_temp_多路竞赛抢答器报告.tex, are you sure it exists?.
       No indentation done.
       Exiting.
