INFO: latexindent.exe version 3.8, 2020-03-21, a script to indent .tex files
      latexindent.exe lives here: D:/texlive/2020/bin/win32/
      Wed Mar 29 20:35:07 2023
      Filename: d:/GitHubRepositories/Study/≥°≤®/__latexindent_temp_lab1.tex
INFO: Processing switches:
      -y|--yaml: YAML settings specified via command line
      -c|--cruft: cruft directory
INFO: Directory for backup files and d:/GitHubRepositories/Study/≤‚ ‘//indent.log: d:/GitHubRepositories/Study/≤‚ ‘/
INFO: YAML settings read: defaultSettings.yaml
      Reading defaultSettings.yaml from D:/texlive/2020/bin/win32/defaultSettings.yaml
      Reading defaultSettings.yaml (2nd attempt, TeXLive, Windows) from D:/texlive/2020/bin/win32/../../texmf-dist/scripts/latexindent/defaultSettings.yaml
INFO: YAML settings read: indentconfig.yaml or .indentconfig.yaml
      Home directory is D:\git (didn't find either indentconfig.yaml or .indentconfig.yaml)
      To specify user settings you would put indentconfig.yaml here: D:\git/indentconfig.yaml
      Alternatively, you can use the hidden file .indentconfig.yaml as: D:\git/.indentconfig.yaml
INFO: YAML settings read: -y switch
      Updating masterSettings with defaultIndent:     
INFO: Phase 1: searching for objects
INFO: Phase 2: finding surrounding indentation
INFO: Phase 3: indenting objects
INFO: Phase 4: final indentation check
INFO: Output routine:
      Not outputting to file; see -w and -o switches for more options.
      --------------
INFO: Please direct all communication/issues to:
      https://github.com/cmhughes/latexindent.pl
