Copyright 1986-2021 Xilinx, Inc. All Rights Reserved.
--------------------------------------------------------------------------------------
| Tool Version : Vivado v.2021.1.1 (win64) Build 3286242 Wed Jul 28 13:10:47 MDT 2021
| Date         : Thu Dec 23 13:54:19 2021
| Host         : Oddyti-Kevin running 64-bit major release  (build 9200)
| Command      : upgrade_ip
| Device       : xc7a200tfbg484-1
--------------------------------------------------------------------------------------

Upgrade Log for IP 'DisplayROM'

1. Summary
----------

SUCCESS in the upgrade of DisplayROM (xilinx.com:ip:dist_mem_gen:8.0) from (Rev. 12) to (Rev. 13)






Copyright 1986-2021 Xilinx, Inc. All Rights Reserved.
--------------------------------------------------------------------------------------
| Tool Version : Vivado v.2021.1.1 (win64) Build 3286242 Wed Jul 28 13:10:47 MDT 2021
| Date         : Thu Dec 23 13:53:57 2021
| Host         : Oddyti-Kevin running 64-bit major release  (build 9200)
| Command      : upgrade_ip
| Device       : xc7a200tfbg484-1
--------------------------------------------------------------------------------------

Upgrade Log for IP 'DCM_PLL'

1. Summary
----------

SUCCESS in the upgrade of DCM_PLL from xilinx.com:ip:clk_wiz:5.4 (Rev. 3) to xilinx.com:ip:clk_wiz:6.0 (Rev. 8)

